<?xml version="1.0" encoding="UTF-8"?>
<!-- Generated by org.testng.reporters.JUnitReportReporter -->
<testsuite skipped="0" hostname="107265-001L" name="adl.reward.testcases.TC3DDT" tests="2" failures="0" timestamp="02 Apr 2021 08:52:38 GMT" time="161.480" errors="0">
  <testcase name="Reward_Engine_Test" time="115.337" classname="adl.reward.testcases.TC3DDT"/>
  <testcase name="Reward_Engine_Test" time="46.143" classname="adl.reward.testcases.TC3DDT"/>
</testsuite> <!-- adl.reward.testcases.TC3DDT -->
