<?xml version="1.0" encoding="UTF-8"?>
<!-- Generated by org.testng.reporters.JUnitReportReporter -->
<testsuite skipped="0" hostname="107265-001L" name="adl.reward.testcases.TC1" tests="1" failures="0" timestamp="28 Mar 2021 06:54:11 GMT" time="72.933" errors="0">
  <testcase name="Test" time="72.933" classname="adl.reward.testcases.TC1"/>
</testsuite> <!-- adl.reward.testcases.TC1 -->
