<?xml version="1.0" encoding="UTF-8"?>
<!-- Generated by org.testng.reporters.JUnitReportReporter -->
<testsuite skipped="0" hostname="107265-001L" name="adl.reward.testcases.TC4" tests="1" failures="0" timestamp="05 Apr 2021 10:04:15 GMT" time="66.407" errors="0">
  <testcase name="test" time="66.407" classname="adl.reward.testcases.TC4"/>
</testsuite> <!-- adl.reward.testcases.TC4 -->
